#
# A fatal error has been detected by the Java Runtime Environment:
#
#  EXCEPTION_ACCESS_VIOLATION (0xc0000005) at pc=0x000000006ac00710, pid=9728, tid=17920
#
# JRE version: Java(TM) SE Runtime Environment (8.0_20-b26) (build 1.8.0_20-b26)
# Java VM: Java HotSpot(TM) 64-Bit Server VM (25.20-b23 mixed mode windows-amd64 compressed oops)
# Problematic frame:
# V  [jvm.dll+0xa0710]
#
# Failed to write core dump. Minidumps are not enabled by default on client versions of Windows
#
# If you would like to submit a bug report, please visit:
#   http://bugreport.sun.com/bugreport/crash.jsp
#

---------------  T H R E A D  ---------------

Current thread (0x000000000373a000):  GCTaskThread [stack: 0x0000000014020000,0x0000000014120000] [id=17920]

siginfo: ExceptionCode=0xc0000005, reading address 0x00000006c00016d8

Registers:
RAX=0x0000000014420000, RBX=0x00000006c1e84de0, RCX=0x00000006c1e84de0, RDX=0x00000006c00016d0
RSP=0x000000001411f8c8, RBP=0x0000000003809cc0, RSI=0x00000006c1ca5070, RDI=0x00000006c1e84de0
R8 =0x0000000000002426, R9 =0x0000000003809cc0, R10=0x000000000000058f, R11=0x00000006c1e84fb8
R12=0x00000006c1ca5238, R13=0x0000000000000200, R14=0x00000006c1ca4a28, R15=0x00000000000002ed
RIP=0x000000006ac00710, EFLAGS=0x0000000000010202

Top of Stack: (sp=0x000000001411f8c8)
0x000000001411f8c8:   000000006ac5aff7 00000006c1e84fb8
0x000000001411f8d8:   0000000003809cc0 00000006c1ca506c
0x000000001411f8e8:   0000000000000003 00000006c1e84de0
0x000000001411f8f8:   000000006ac8918a 0000000003809cc0
0x000000001411f908:   0000069400000a9c 00000006c2252a28
0x000000001411f918:   000000000372c170 0000000003809cc0
0x000000001411f928:   000000006ac89293 000000000373a570
0x000000001411f938:   000000000373a560 000000000372c170
0x000000001411f948:   0000000000000000 0000000003809cc0
0x000000001411f958:   000000006af32d67 0000000025d2cfb0
0x000000001411f968:   0000000000000006 000000006b181908
0x000000001411f978:   000000006b181908 0000000781f4f6b8
0x000000001411f988:   0000000000000200 0000000025d2cfb0
0x000000001411f998:   000000006af3017e 0000000072033311
0x000000001411f9a8:   000000000373a000 0000000000000000
0x000000001411f9b8:   00000006c1ca4a28 000000000373a000 

Instructions: (pc=0x000000006ac00710)
0x000000006ac006f0:   48 8d 05 21 28 51 00 48 89 44 24 30 e8 cf 35 1d
0x000000006ac00700:   00 48 81 c4 c0 00 00 00 5b c3 cc cc cc cc cc cc
0x000000006ac00710:   44 8b 42 08 4c 8b ca 45 85 c0 7e 0e 41 f6 c0 01
0x000000006ac00720:   75 57 41 c1 f8 03 41 8b c0 c3 79 4d 80 3d e6 1b 


Register to memory mapping:

RAX=0x0000000014420000 is an unknown value
RBX=
[error occurred during error reporting (printing register info), id 0xc0000005]

Stack: [0x0000000014020000,0x0000000014120000],  sp=0x000000001411f8c8,  free space=1022k
Native frames: (J=compiled Java code, j=interpreted, Vv=VM code, C=native code)
V  [jvm.dll+0xa0710]


---------------  P R O C E S S  ---------------

Java Threads: ( => current thread )
  0x000000002251c000 JavaThread "HikariPool-1 connection adder" daemon [_thread_blocked, id=13776, stack(0x0000000022df0000,0x0000000022ef0000)]
  0x0000000022520800 JavaThread "HikariPool-1 connection closer" daemon [_thread_blocked, id=7448, stack(0x0000000001620000,0x0000000001720000)]
  0x0000000022529800 JavaThread "ForkJoinPool.commonPool-worker-15" daemon [_thread_blocked, id=21156, stack(0x00000000248f0000,0x00000000249f0000)]
  0x000000002251c800 JavaThread "System Clock" daemon [_thread_blocked, id=13392, stack(0x0000000001520000,0x0000000001620000)]
  0x0000000022528800 JavaThread "DestroyJavaVM" [_thread_blocked, id=8804, stack(0x0000000003540000,0x0000000003640000)]
  0x0000000022528000 JavaThread "http-nio-8001-Acceptor" daemon [_thread_in_native, id=1372, stack(0x00000000277c0000,0x00000000278c0000)]
  0x000000002251f000 JavaThread "http-nio-8001-ClientPoller" daemon [_thread_in_native, id=14044, stack(0x00000000276c0000,0x00000000277c0000)]
  0x0000000022525800 JavaThread "http-nio-8001-exec-10" daemon [_thread_blocked, id=12976, stack(0x00000000275c0000,0x00000000276c0000)]
  0x000000002251e000 JavaThread "http-nio-8001-exec-9" daemon [_thread_blocked, id=20084, stack(0x00000000274c0000,0x00000000275c0000)]
  0x0000000022525000 JavaThread "http-nio-8001-exec-8" daemon [_thread_blocked, id=14956, stack(0x00000000273c0000,0x00000000274c0000)]
  0x0000000022524000 JavaThread "http-nio-8001-exec-7" daemon [_thread_blocked, id=16516, stack(0x00000000272c0000,0x00000000273c0000)]
  0x0000000022523800 JavaThread "http-nio-8001-exec-6" daemon [_thread_blocked, id=20736, stack(0x00000000271c0000,0x00000000272c0000)]
  0x000000002251d800 JavaThread "http-nio-8001-exec-5" daemon [_thread_blocked, id=6312, stack(0x00000000270c0000,0x00000000271c0000)]
  0x0000000022522800 JavaThread "http-nio-8001-exec-4" daemon [_thread_blocked, id=21724, stack(0x0000000026fc0000,0x00000000270c0000)]
  0x0000000022522000 JavaThread "http-nio-8001-exec-3" daemon [_thread_blocked, id=21964, stack(0x0000000026ec0000,0x0000000026fc0000)]
  0x000000002251f800 JavaThread "http-nio-8001-exec-2" daemon [_thread_blocked, id=3036, stack(0x0000000026dc0000,0x0000000026ec0000)]
  0x000000002251a800 JavaThread "http-nio-8001-exec-1" daemon [_thread_blocked, id=21812, stack(0x0000000026cc0000,0x0000000026dc0000)]
  0x000000002251b000 JavaThread "http-nio-8001-BlockPoller" daemon [_thread_in_native, id=21252, stack(0x0000000026bc0000,0x0000000026cc0000)]
  0x0000000022498800 JavaThread "HikariPool-1 housekeeper" daemon [_thread_blocked, id=21784, stack(0x00000000242f0000,0x00000000243f0000)]
  0x00000000222da800 JavaThread "mysql-cj-abandoned-connection-cleanup" daemon [_thread_blocked, id=20320, stack(0x0000000023cf0000,0x0000000023df0000)]
  0x0000000022295800 JavaThread "container-0" [_thread_blocked, id=10072, stack(0x0000000023bf0000,0x0000000023cf0000)]
  0x0000000022251800 JavaThread "Catalina-utility-2" [_thread_blocked, id=14312, stack(0x0000000023af0000,0x0000000023bf0000)]
  0x0000000022251000 JavaThread "Catalina-utility-1" [_thread_blocked, id=5540, stack(0x00000000238f0000,0x00000000239f0000)]
  0x0000000021c42800 JavaThread "RMI Scheduler(0)" daemon [_thread_blocked, id=7292, stack(0x0000000022cf0000,0x0000000022df0000)]
  0x000000002054c800 JavaThread "RMI TCP Accept-0" daemon [_thread_in_native, id=19412, stack(0x0000000020f70000,0x0000000021070000)]
  0x0000000020384000 JavaThread "Service Thread" daemon [_thread_blocked, id=4332, stack(0x0000000020e70000,0x0000000020f70000)]
  0x000000002037a800 JavaThread "C1 CompilerThread3" daemon [_thread_blocked, id=21060, stack(0x0000000020d70000,0x0000000020e70000)]
  0x0000000020374800 JavaThread "C2 CompilerThread2" daemon [_thread_blocked, id=6344, stack(0x0000000020c70000,0x0000000020d70000)]
  0x0000000020372000 JavaThread "C2 CompilerThread1" daemon [_thread_blocked, id=19648, stack(0x0000000020b70000,0x0000000020c70000)]
  0x0000000020371000 JavaThread "C2 CompilerThread0" daemon [_thread_blocked, id=16796, stack(0x0000000020a70000,0x0000000020b70000)]
  0x000000002036b800 JavaThread "Monitor Ctrl-Break" daemon [_thread_in_native, id=22184, stack(0x0000000020970000,0x0000000020a70000)]
  0x000000001ec7e800 JavaThread "Attach Listener" daemon [_thread_blocked, id=11960, stack(0x0000000020070000,0x0000000020170000)]
  0x000000001ec32800 JavaThread "Signal Dispatcher" daemon [_thread_blocked, id=11080, stack(0x000000001ff70000,0x0000000020070000)]
  0x000000000380b000 JavaThread "Finalizer" daemon [_thread_blocked, id=8692, stack(0x000000001fe70000,0x000000001ff70000)]
  0x000000001d53c000 JavaThread "Reference Handler" daemon [_thread_blocked, id=13724, stack(0x000000001fd70000,0x000000001fe70000)]

Other Threads:
  0x000000001d534800 VMThread [stack: 0x000000001fc70000,0x000000001fd70000] [id=10100]
  0x0000000020543000 WatcherThread [stack: 0x0000000021070000,0x0000000021170000] [id=11320]

=>0x000000000373a000 (exited) GCTaskThread [stack: 0x0000000014020000,0x0000000014120000] [id=17920]

VM state:at safepoint (normal execution)

VM Mutex/Monitor currently owned by a thread:  ([mutex/lock_event])
[0x0000000003710ad0] Threads_lock - owner thread: 0x000000001d534800
[0x0000000003710550] Heap_lock - owner thread: 0x000000002251c000

Heap:
 PSYoungGen      total 361984K, used 19939K [0x000000076b380000, 0x0000000783280000, 0x00000007c0000000)
  eden space 342016K, 0% used [0x000000076b380000,0x000000076b380000,0x0000000780180000)
  from space 19968K, 99% used [0x0000000781f00000,0x0000000783278e50,0x0000000783280000)
  to   space 23552K, 0% used [0x0000000780480000,0x0000000780480000,0x0000000781b80000)
 ParOldGen       total 148480K, used 30517K [0x00000006c1a00000, 0x00000006cab00000, 0x000000076b380000)
  object space 148480K, 20% used [0x00000006c1a00000,0x00000006c37cd600,0x00000006cab00000)
 Metaspace       used 55043K, capacity 59070K, committed 59160K, reserved 1099776K
  class space    used 7323K, capacity 7976K, committed 8064K, reserved 1048576K

Card table byte_map: [0x0000000012cd0000,0x00000000134d0000] byte_map_base: 0x000000000f6c3000

Marking Bits: (ParMarkBitMap*) 0x000000006b33b460
 Begin Bits: [0x0000000014420000, 0x00000000183b8000)
 End Bits:   [0x00000000183b8000, 0x000000001c350000)

Polling page: 0x0000000000fd0000

CodeCache: size=245760Kb used=14482Kb max_used=14482Kb free=231278Kb
 bounds [0x0000000003910000, 0x0000000004740000, 0x0000000012910000]
 total_blobs=8639 nmethods=8069 adapters=482
 compilation: enabled

Compilation events (10 events):
Event: 1787.846 Thread 0x000000002037a800 8197       1       java.util.Formatter$FormatSpecifier::getZero (36 bytes)
Event: 1787.846 Thread 0x000000002037a800 nmethod 8197 0x00000000047363d0 code [0x0000000004736560, 0x0000000004736788]
Event: 1787.846 Thread 0x000000002037a800 8198       1       java.util.Formatter::locale (9 bytes)
Event: 1787.846 Thread 0x000000002037a800 nmethod 8198 0x0000000004736990 code [0x0000000004736b00, 0x0000000004736c88]
Event: 1787.846 Thread 0x000000002037a800 8199       1       java.util.Formatter$FormatSpecifier::trailingSign (26 bytes)
Event: 1787.847 Thread 0x000000002037a800 nmethod 8199 0x0000000004736d50 code [0x0000000004736ec0, 0x00000000047370a8]
Event: 1787.847 Thread 0x000000002037a800 8192       1       com.mysql.cj.protocol.AbstractProtocol::getExceptionInterceptor (5 bytes)
Event: 1787.847 Thread 0x000000002037a800 nmethod 8192 0x0000000004737310 code [0x0000000004737460, 0x0000000004737570]
Event: 1787.938 Thread 0x000000002037a800 8200       1       java.util.Hashtable$Entry::<init> (26 bytes)
Event: 1787.938 Thread 0x000000002037a800 nmethod 8200 0x00000000047375d0 code [0x0000000004737720, 0x0000000004737870]

GC Heap History (10 events):
Event: 3.474 GC heap after
Heap after GC invocations=8 (full 2):
 PSYoungGen      total 235520K, used 0K [0x000000076b380000, 0x000000077aa00000, 0x00000007c0000000)
  eden space 223232K, 0% used [0x000000076b380000,0x000000076b380000,0x0000000778d80000)
  from space 12288K, 0% used [0x0000000779e00000,0x0000000779e00000,0x000000077aa00000)
  to   space 14336K, 0% used [0x0000000778e00000,0x0000000778e00000,0x0000000779c00000)
 ParOldGen       total 148480K, used 19630K [0x00000006c1a00000, 0x00000006cab00000, 0x000000076b380000)
  object space 148480K, 13% used [0x00000006c1a00000,0x00000006c2d2ba80,0x00000006cab00000)
 Metaspace       used 33838K, capacity 35482K, committed 35496K, reserved 1079296K
  class space    used 4565K, capacity 4851K, committed 4864K, reserved 1048576K
}
Event: 4.669 GC heap before
{Heap before GC invocations=9 (full 2):
 PSYoungGen      total 235520K, used 223232K [0x000000076b380000, 0x000000077aa00000, 0x00000007c0000000)
  eden space 223232K, 100% used [0x000000076b380000,0x0000000778d80000,0x0000000778d80000)
  from space 12288K, 0% used [0x0000000779e00000,0x0000000779e00000,0x000000077aa00000)
  to   space 14336K, 0% used [0x0000000778e00000,0x0000000778e00000,0x0000000779c00000)
 ParOldGen       total 148480K, used 19630K [0x00000006c1a00000, 0x00000006cab00000, 0x000000076b380000)
  object space 148480K, 13% used [0x00000006c1a00000,0x00000006c2d2ba80,0x00000006cab00000)
 Metaspace       used 39239K, capacity 41022K, committed 41216K, reserved 1085440K
  class space    used 5167K, capacity 5505K, committed 5632K, reserved 1048576K
Event: 4.674 GC heap after
Heap after GC invocations=9 (full 2):
 PSYoungGen      total 238080K, used 7456K [0x000000076b380000, 0x000000077f780000, 0x00000007c0000000)
  eden space 223744K, 0% used [0x000000076b380000,0x000000076b380000,0x0000000778e00000)
  from space 14336K, 52% used [0x0000000778e00000,0x0000000779548348,0x0000000779c00000)
  to   space 14336K, 0% used [0x000000077e980000,0x000000077e980000,0x000000077f780000)
 ParOldGen       total 148480K, used 19718K [0x00000006c1a00000, 0x00000006cab00000, 0x000000076b380000)
  object space 148480K, 13% used [0x00000006c1a00000,0x00000006c2d41a90,0x00000006cab00000)
 Metaspace       used 39239K, capacity 41022K, committed 41216K, reserved 1085440K
  class space    used 5167K, capacity 5505K, committed 5632K, reserved 1048576K
}
Event: 5.668 GC heap before
{Heap before GC invocations=10 (full 2):
 PSYoungGen      total 238080K, used 231200K [0x000000076b380000, 0x000000077f780000, 0x00000007c0000000)
  eden space 223744K, 100% used [0x000000076b380000,0x0000000778e00000,0x0000000778e00000)
  from space 14336K, 52% used [0x0000000778e00000,0x0000000779548348,0x0000000779c00000)
  to   space 14336K, 0% used [0x000000077e980000,0x000000077e980000,0x000000077f780000)
 ParOldGen       total 148480K, used 19718K [0x00000006c1a00000, 0x00000006cab00000, 0x000000076b380000)
  object space 148480K, 13% used [0x00000006c1a00000,0x00000006c2d41a90,0x00000006cab00000)
 Metaspace       used 48433K, capacity 51010K, committed 51328K, reserved 1093632K
  class space    used 6465K, capacity 6935K, committed 7040K, reserved 1048576K
Event: 5.679 GC heap after
Heap after GC invocations=10 (full 2):
 PSYoungGen      total 311808K, used 14333K [0x000000076b380000, 0x000000077fb00000, 0x00000007c0000000)
  eden space 297472K, 0% used [0x000000076b380000,0x000000076b380000,0x000000077d600000)
  from space 14336K, 99% used [0x000000077e980000,0x000000077f77f558,0x000000077f780000)
  to   space 18944K, 0% used [0x000000077d600000,0x000000077d600000,0x000000077e880000)
 ParOldGen       total 148480K, used 27099K [0x00000006c1a00000, 0x00000006cab00000, 0x000000076b380000)
  object space 148480K, 18% used [0x00000006c1a00000,0x00000006c3476cd0,0x00000006cab00000)
 Metaspace       used 48433K, capacity 51010K, committed 51328K, reserved 1093632K
  class space    used 6465K, capacity 6935K, committed 7040K, reserved 1048576K
}
Event: 6.273 GC heap before
{Heap before GC invocations=11 (full 2):
 PSYoungGen      total 311808K, used 311805K [0x000000076b380000, 0x000000077fb00000, 0x00000007c0000000)
  eden space 297472K, 100% used [0x000000076b380000,0x000000077d600000,0x000000077d600000)
  from space 14336K, 99% used [0x000000077e980000,0x000000077f77f558,0x000000077f780000)
  to   space 18944K, 0% used [0x000000077d600000,0x000000077d600000,0x000000077e880000)
 ParOldGen       total 148480K, used 27099K [0x00000006c1a00000, 0x00000006cab00000, 0x000000076b380000)
  object space 148480K, 18% used [0x00000006c1a00000,0x00000006c3476cd0,0x00000006cab00000)
 Metaspace       used 48544K, capacity 51282K, committed 51584K, reserved 1093632K
  class space    used 6479K, capacity 6960K, committed 7040K, reserved 1048576K
Event: 6.280 GC heap after
Heap after GC invocations=11 (full 2):
 PSYoungGen      total 316416K, used 15165K [0x000000076b380000, 0x0000000783280000, 0x00000007c0000000)
  eden space 297472K, 0% used [0x000000076b380000,0x000000076b380000,0x000000077d600000)
  from space 18944K, 80% used [0x000000077d600000,0x000000077e4cf7d0,0x000000077e880000)
  to   space 19968K, 0% used [0x0000000781f00000,0x0000000781f00000,0x0000000783280000)
 ParOldGen       total 148480K, used 27107K [0x00000006c1a00000, 0x00000006cab00000, 0x000000076b380000)
  object space 148480K, 18% used [0x00000006c1a00000,0x00000006c3478cd0,0x00000006cab00000)
 Metaspace       used 48544K, capacity 51282K, committed 51584K, reserved 1093632K
  class space    used 6479K, capacity 6960K, committed 7040K, reserved 1048576K
}
Event: 1787.938 GC heap before
{Heap before GC invocations=12 (full 2):
 PSYoungGen      total 316416K, used 247751K [0x000000076b380000, 0x0000000783280000, 0x00000007c0000000)
  eden space 297472K, 78% used [0x000000076b380000,0x00000007796a2800,0x000000077d600000)
  from space 18944K, 80% used [0x000000077d600000,0x000000077e4cf7d0,0x000000077e880000)
  to   space 19968K, 0% used [0x0000000781f00000,0x0000000781f00000,0x0000000783280000)
 ParOldGen       total 148480K, used 27107K [0x00000006c1a00000, 0x00000006cab00000, 0x000000076b380000)
  object space 148480K, 18% used [0x00000006c1a00000,0x00000006c3478cd0,0x00000006cab00000)
 Metaspace       used 55043K, capacity 59070K, committed 59160K, reserved 1099776K
  class space    used 7323K, capacity 7976K, committed 8064K, reserved 1048576K
Event: 1787.951 GC heap after
Heap after GC invocations=12 (full 2):
 PSYoungGen      total 361984K, used 19939K [0x000000076b380000, 0x0000000783280000, 0x00000007c0000000)
  eden space 342016K, 0% used [0x000000076b380000,0x000000076b380000,0x0000000780180000)
  from space 19968K, 99% used [0x0000000781f00000,0x0000000783278e50,0x0000000783280000)
  to   space 23552K, 0% used [0x0000000780480000,0x0000000780480000,0x0000000781b80000)
 ParOldGen       total 148480K, used 30517K [0x00000006c1a00000, 0x00000006cab00000, 0x000000076b380000)
  object space 148480K, 20% used [0x00000006c1a00000,0x00000006c37cd600,0x00000006cab00000)
 Metaspace       used 55043K, capacity 59070K, committed 59160K, reserved 1099776K
  class space    used 7323K, capacity 7976K, committed 8064K, reserved 1048576K
}
Event: 1787.951 GC heap before
{Heap before GC invocations=13 (full 3):
 PSYoungGen      total 361984K, used 19939K [0x000000076b380000, 0x0000000783280000, 0x00000007c0000000)
  eden space 342016K, 0% used [0x000000076b380000,0x000000076b380000,0x0000000780180000)
  from space 19968K, 99% used [0x0000000781f00000,0x0000000783278e50,0x0000000783280000)
  to   space 23552K, 0% used [0x0000000780480000,0x0000000780480000,0x0000000781b80000)
 ParOldGen       total 148480K, used 30517K [0x00000006c1a00000, 0x00000006cab00000, 0x000000076b380000)
  object space 148480K, 20% used [0x00000006c1a00000,0x00000006c37cd600,0x00000006cab00000)
 Metaspace       used 55043K, capacity 59070K, committed 59160K, reserved 1099776K
  class space    used 7323K, capacity 7976K, committed 8064K, reserved 1048576K

Deoptimization events (0 events):
No events

Internal exceptions (10 events):
Event: 1683.154 Thread 0x0000000022524000 Exception <a 'java/lang/ArrayIndexOutOfBoundsException'> (0x0000000775e12a30) thrown at [D:\re\workspace\8-2-build-windows-amd64-cygwin\jdk8u20\1074\hotspot\src\share\vm\runtime\sharedRuntime.cpp, line 604]
Event: 1683.154 Thread 0x000000002251a800 Exception <a 'java/lang/ArrayIndexOutOfBoundsException'> (0x00000007773b2518) thrown at [D:\re\workspace\8-2-build-windows-amd64-cygwin\jdk8u20\1074\hotspot\src\share\vm\runtime\sharedRuntime.cpp, line 604]
Event: 1683.158 Thread 0x0000000022522800 Exception <a 'java/lang/ArrayIndexOutOfBoundsException'> (0x0000000777945e08) thrown at [D:\re\workspace\8-2-build-windows-amd64-cygwin\jdk8u20\1074\hotspot\src\share\vm\runtime\sharedRuntime.cpp, line 604]
Event: 1726.107 Thread 0x0000000022523800 Exception <a 'java/lang/ArrayIndexOutOfBoundsException'> (0x00000007766912f0) thrown at [D:\re\workspace\8-2-build-windows-amd64-cygwin\jdk8u20\1074\hotspot\src\share\vm\runtime\sharedRuntime.cpp, line 604]
Event: 1729.195 Thread 0x0000000022525000 Exception <a 'java/lang/ArrayIndexOutOfBoundsException'> (0x0000000777dac368) thrown at [D:\re\workspace\8-2-build-windows-amd64-cygwin\jdk8u20\1074\hotspot\src\share\vm\runtime\sharedRuntime.cpp, line 604]
Event: 1739.944 Thread 0x0000000022522000 Exception <a 'java/lang/ArrayIndexOutOfBoundsException'> (0x0000000777f0b128) thrown at [D:\re\workspace\8-2-build-windows-amd64-cygwin\jdk8u20\1074\hotspot\src\share\vm\runtime\sharedRuntime.cpp, line 604]
Event: 1739.944 Thread 0x000000002251e000 Exception <a 'java/lang/ArrayIndexOutOfBoundsException'> (0x0000000777177bc8) thrown at [D:\re\workspace\8-2-build-windows-amd64-cygwin\jdk8u20\1074\hotspot\src\share\vm\runtime\sharedRuntime.cpp, line 604]
Event: 1739.944 Thread 0x0000000022525000 Exception <a 'java/lang/ArrayIndexOutOfBoundsException'> (0x0000000777e05ba0) thrown at [D:\re\workspace\8-2-build-windows-amd64-cygwin\jdk8u20\1074\hotspot\src\share\vm\runtime\sharedRuntime.cpp, line 604]
Event: 1739.946 Thread 0x000000002251e000 Exception <a 'java/lang/ArrayIndexOutOfBoundsException'> (0x0000000777197838) thrown at [D:\re\workspace\8-2-build-windows-amd64-cygwin\jdk8u20\1074\hotspot\src\share\vm\runtime\sharedRuntime.cpp, line 604]
Event: 1739.946 Thread 0x0000000022522000 Exception <a 'java/security/PrivilegedActionException'> (0x0000000777f2b080) thrown at [D:\re\workspace\8-2-build-windows-amd64-cygwin\jdk8u20\1074\hotspot\src\share\vm\prims\jvm.cpp, line 1275]

Events (10 events):
Event: 1786.733 Thread 0x0000000022520800 Thread exited: 0x0000000022520800
Event: 1786.950 Executing VM operation: RevokeBias
Event: 1786.951 Executing VM operation: RevokeBias done
Event: 1786.951 Thread 0x000000002251c000 Thread exited: 0x000000002251c000
Event: 1786.959 Executing VM operation: RevokeBias
Event: 1786.959 Executing VM operation: RevokeBias done
Event: 1786.960 Thread 0x0000000022526800 Thread exited: 0x0000000022526800
Event: 1787.937 Thread 0x0000000022520800 Thread added: 0x0000000022520800
Event: 1787.937 Thread 0x000000002251c000 Thread added: 0x000000002251c000
Event: 1787.938 Executing VM operation: CollectForMetadataAllocation


Dynamic libraries:
0x00007ff792630000 - 0x00007ff792664000 	C:\Program Files\Java\jdk1.8.0_20\bin\java.exe
0x00007ffdb16c0000 - 0x00007ffdb18b0000 	C:\WINDOWS\SYSTEM32\ntdll.dll
0x00007ffdb00f0000 - 0x00007ffdb01a2000 	C:\WINDOWS\System32\KERNEL32.DLL
0x00007ffdaf2c0000 - 0x00007ffdaf565000 	C:\WINDOWS\System32\KERNELBASE.dll
0x00007ffdafad0000 - 0x00007ffdafb73000 	C:\WINDOWS\System32\ADVAPI32.dll
0x00007ffdafff0000 - 0x00007ffdb008e000 	C:\WINDOWS\System32\msvcrt.dll
0x00007ffdb0870000 - 0x00007ffdb0907000 	C:\WINDOWS\System32\sechost.dll
0x00007ffdaf7f0000 - 0x00007ffdaf90f000 	C:\WINDOWS\System32\RPCRT4.dll
0x00007ffdb06d0000 - 0x00007ffdb0864000 	C:\WINDOWS\System32\USER32.dll
0x00007ffdaf5c0000 - 0x00007ffdaf5e1000 	C:\WINDOWS\System32\win32u.dll
0x00007ffdb1510000 - 0x00007ffdb1536000 	C:\WINDOWS\System32\GDI32.dll
0x00007ffdae730000 - 0x00007ffdae8c8000 	C:\WINDOWS\System32\gdi32full.dll
0x00007ffdaea70000 - 0x00007ffdaeb0e000 	C:\WINDOWS\System32\msvcp_win.dll
0x00007ffdae630000 - 0x00007ffdae72a000 	C:\WINDOWS\System32\ucrtbase.dll
0x00007ffdada50000 - 0x00007ffdadcd4000 	C:\WINDOWS\WinSxS\amd64_microsoft.windows.common-controls_6595b64144ccf1df_6.0.18362.1441_none_9e7da8f1e45ea808\COMCTL32.dll
0x00007ffdb0210000 - 0x00007ffdb0546000 	C:\WINDOWS\System32\combase.dll
0x00007ffdae980000 - 0x00007ffdaea01000 	C:\WINDOWS\System32\bcryptPrimitives.dll
0x00007ffdb1480000 - 0x00007ffdb14ae000 	C:\WINDOWS\System32\IMM32.DLL
0x000000006b3c0000 - 0x000000006b492000 	C:\Program Files\Java\jdk1.8.0_20\jre\bin\msvcr100.dll
0x000000006ab60000 - 0x000000006b3b8000 	C:\Program Files\Java\jdk1.8.0_20\jre\bin\server\jvm.dll
0x00007ffdb06c0000 - 0x00007ffdb06c8000 	C:\WINDOWS\System32\PSAPI.DLL
0x00007ffda77c0000 - 0x00007ffda77e4000 	C:\WINDOWS\SYSTEM32\WINMM.dll
0x00007ffd93880000 - 0x00007ffd93889000 	C:\WINDOWS\SYSTEM32\WSOCK32.dll
0x00007ffdb12a0000 - 0x00007ffdb130f000 	C:\WINDOWS\System32\WS2_32.dll
0x00007ffda5610000 - 0x00007ffda563d000 	C:\WINDOWS\SYSTEM32\winmmbase.dll
0x00007ffdaf570000 - 0x00007ffdaf5ba000 	C:\WINDOWS\System32\cfgmgr32.dll
0x000000006be00000 - 0x000000006be0f000 	C:\Program Files\Java\jdk1.8.0_20\jre\bin\verify.dll
0x000000006ab30000 - 0x000000006ab58000 	C:\Program Files\Java\jdk1.8.0_20\jre\bin\java.dll
0x000000006ab00000 - 0x000000006ab23000 	C:\Program Files\Java\jdk1.8.0_20\jre\bin\instrument.dll
0x000000006b520000 - 0x000000006b536000 	C:\Program Files\Java\jdk1.8.0_20\jre\bin\zip.dll
0x00007ffdb0a50000 - 0x00007ffdb1138000 	C:\WINDOWS\System32\SHELL32.dll
0x00007ffdb0600000 - 0x00007ffdb06a7000 	C:\WINDOWS\System32\shcore.dll
0x00007ffdaeb10000 - 0x00007ffdaf28b000 	C:\WINDOWS\System32\windows.storage.dll
0x00007ffdae5f0000 - 0x00007ffdae60e000 	C:\WINDOWS\System32\profapi.dll
0x00007ffdae580000 - 0x00007ffdae5ca000 	C:\WINDOWS\System32\powrprof.dll
0x00007ffdae570000 - 0x00007ffdae580000 	C:\WINDOWS\System32\UMPDC.dll
0x00007ffdb0090000 - 0x00007ffdb00e2000 	C:\WINDOWS\System32\shlwapi.dll
0x00007ffdae610000 - 0x00007ffdae621000 	C:\WINDOWS\System32\kernel.appcore.dll
0x00007ffdaf5f0000 - 0x00007ffdaf607000 	C:\WINDOWS\System32\cryptsp.dll
0x00007ffd9e7f0000 - 0x00007ffd9e80a000 	D:\IntelliJ IDEA 2021.1\bin\breakgen64.dll
0x000000006aae0000 - 0x000000006aafa000 	C:\Program Files\Java\jdk1.8.0_20\jre\bin\net.dll
0x00007ffdad6f0000 - 0x00007ffdad757000 	C:\WINDOWS\system32\mswsock.dll
0x00007ffdad470000 - 0x00007ffdad53b000 	C:\WINDOWS\SYSTEM32\DNSAPI.dll
0x00007ffdafac0000 - 0x00007ffdafac8000 	C:\WINDOWS\System32\NSI.dll
0x00007ffdad430000 - 0x00007ffdad46a000 	C:\WINDOWS\SYSTEM32\IPHLPAPI.DLL
0x00007ffda7d00000 - 0x00007ffda7d0a000 	C:\Windows\System32\rasadhlp.dll
0x00007ffd9eba0000 - 0x00007ffd9ec17000 	C:\WINDOWS\System32\fwpuclnt.dll
0x00007ffdaf290000 - 0x00007ffdaf2b6000 	C:\WINDOWS\System32\bcrypt.dll
0x000000006aab0000 - 0x000000006aabd000 	C:\Program Files\Java\jdk1.8.0_20\jre\bin\management.dll
0x000000006aac0000 - 0x000000006aad1000 	C:\Program Files\Java\jdk1.8.0_20\jre\bin\nio.dll
0x00007ffdad2a0000 - 0x00007ffdad2d3000 	C:\WINDOWS\system32\rsaenh.dll
0x00007ffdae490000 - 0x00007ffdae4b5000 	C:\WINDOWS\SYSTEM32\USERENV.dll
0x00007ffdad940000 - 0x00007ffdad94c000 	C:\WINDOWS\SYSTEM32\CRYPTBASE.dll
0x00007ffd9ed40000 - 0x00007ffd9ed56000 	C:\WINDOWS\SYSTEM32\dhcpcsvc6.DLL
0x00007ffda33c0000 - 0x00007ffda33dc000 	C:\WINDOWS\SYSTEM32\dhcpcsvc.DLL
0x00007ffd91a10000 - 0x00007ffd91a26000 	C:\WINDOWS\system32\napinsp.dll
0x00007ffd919f0000 - 0x00007ffd91a0a000 	C:\WINDOWS\system32\pnrpnsp.dll
0x00007ffd88160000 - 0x00007ffd8816e000 	C:\WINDOWS\System32\winrnr.dll
0x00007ffdaa900000 - 0x00007ffdaa91c000 	C:\WINDOWS\system32\NLAapi.dll
0x00007ffda9ab0000 - 0x00007ffda9ac5000 	C:\WINDOWS\system32\wshbth.dll
0x000000006aa80000 - 0x000000006aaa4000 	C:\Program Files\Java\jdk1.8.0_20\jre\bin\sunec.dll
0x00007ffdae030000 - 0x00007ffdae224000 	C:\WINDOWS\SYSTEM32\dbghelp.dll

VM Arguments:
jvm_args: -XX:TieredStopAtLevel=1 -Xverify:none -Dspring.output.ansi.enabled=always -javaagent:D:\IntelliJ IDEA 2021.1\lib\idea_rt.jar=58294:D:\IntelliJ IDEA 2021.1\bin -Dcom.sun.management.jmxremote -Dspring.jmx.enabled=true -Dspring.liveBeansView.mbeanDomain -Dspring.application.admin.enabled=true -Dfile.encoding=UTF-8 
java_command: com.atguigu.salemansearch.SaleApplication
java_class_path (initial): C:\Program Files\Java\jdk1.8.0_20\jre\lib\charsets.jar;C:\Program Files\Java\jdk1.8.0_20\jre\lib\deploy.jar;C:\Program Files\Java\jdk1.8.0_20\jre\lib\ext\access-bridge-64.jar;C:\Program Files\Java\jdk1.8.0_20\jre\lib\ext\cldrdata.jar;C:\Program Files\Java\jdk1.8.0_20\jre\lib\ext\dnsns.jar;C:\Program Files\Java\jdk1.8.0_20\jre\lib\ext\jaccess.jar;C:\Program Files\Java\jdk1.8.0_20\jre\lib\ext\jfxrt.jar;C:\Program Files\Java\jdk1.8.0_20\jre\lib\ext\localedata.jar;C:\Program Files\Java\jdk1.8.0_20\jre\lib\ext\nashorn.jar;C:\Program Files\Java\jdk1.8.0_20\jre\lib\ext\sunec.jar;C:\Program Files\Java\jdk1.8.0_20\jre\lib\ext\sunjce_provider.jar;C:\Program Files\Java\jdk1.8.0_20\jre\lib\ext\sunmscapi.jar;C:\Program Files\Java\jdk1.8.0_20\jre\lib\ext\sunpkcs11.jar;C:\Program Files\Java\jdk1.8.0_20\jre\lib\ext\zipfs.jar;C:\Program Files\Java\jdk1.8.0_20\jre\lib\javaws.jar;C:\Program Files\Java\jdk1.8.0_20\jre\lib\jce.jar;C:\Program Files\Java\jdk1.8.0_20\jre\lib\jfr.jar;C:\Program Files\Java\jdk1.8.0_20\jre\lib\jfxswt.jar;C:\Program Files\Java\jdk1.8.0_20\jre\lib\jsse.jar;C:\Program Files\Java\jdk1.8.0_20\jre\lib\management-agent.jar;C:\Program Files\Java\jdk1.8.0_20\jre\lib\plugin.jar;C:\Program Files\Java\jdk1.8.0_20\jre\lib\resources.jar;C:\Program Files\Java\jdk1.8.0_20\jre\lib\rt.jar;H:\guli_parent\Saleman\saleman_search\target\classes;C:\Users\Devin\.m2\repository\com\baomidou\mybatis-plus-extension\3.0.5\mybatis-plus-extension-3.0.5.jar;C:\Users\Devin\.m2\repository\com\baomidou\mybatis-plus-core\3.0.5\mybatis-plus-core-3.0.5.jar;C:\Users\Devin\.m2\repository\com\baomidou\mybatis-plus-annotation\3.0.5\mybatis-plus-annotation-3.0.5.jar;C:\Users\Devin\.m2\repository\com\github\jsqlparser\jsqlparser\1.2\jsqlparser-1.2.jar;C:\Users\Devin\.m2\repository\org\mybatis\mybatis-spring\1.3.2\mybatis-spring-1.3.2.jar;C:\Users\Devin\.m2\repository\org\mybatis\mybatis\3.4.6\mybatis-3.4.6.jar;C:\Users\Devin\.m2\repository\com\alibaba\fastjson\1.2.28\fastjs
Launcher Type: SUN_STANDARD

Environment Variables:
JAVA_HOME=C:\Program Files\Java\jdk1.8.0_20
CLASSPATH=.;C:\Program Files\Java\jdk1.8.0_20\lib;C:\Program Files\Java\jdk1.8.0_20\lib\tools.jar
PATH=H:\Python\Scripts\;H:\Python\;C:\Program Files\Microsoft MPI\Bin\;C:\ProgramData\Oracle\Java\javapath;C:\Program Files (x86)\Intel\Intel(R) Management Engine Components\iCLS\;C:\Program Files\Intel\Intel(R) Management Engine Components\iCLS\;C:\windows\system32;C:\windows;C:\windows\System32\Wbem;C:\windows\System32\WindowsPowerShell\v1.0\;C:\windows\System32\OpenSSH\;C:\Program Files (x86)\NVIDIA Corporation\PhysX\Common;C:\WINDOWS\system32;C:\WINDOWS;C:\WINDOWS\System32\Wbem;C:\WINDOWS\System32\WindowsPowerShell\v1.0\;C:\WINDOWS\System32\OpenSSH\;D:\Program Files (x86)\140\Tools\Binn\;D:\program files\140\Tools\Binn\;D:\Program Files (x86)\140\DTS\Binn\;D:\program files\140\DT;C:\Program Files\Intel\WiFi\bin\;C:\Program Files\Common Files\Intel\WirelessCommon\;C:\Program Files\NVIDIA Corporation\NVIDIA NvDLISR;D:\Python\venv\Scripts\;D:\GraphViz-2.38\bin;";C:\Program Files\MySQL\MySQL Server 8.0\bin";"C:\Program Files\Java\jdk1.8.0_20\bin;C:\Program Files\Java\jdk1.8.0_20\jre\bin;C:\WINDOWS\system32;C:\WINDOWS;C:\WINDOWS\System32\Wbem;C:\WINDOWS\System32\WindowsPowerShell\v1.0\;C:\WINDOWS\System32\OpenSSH\";C:\Program Files\apache-maven-3.6.3\bin;E:\lalal\common;D:\node.js\;C:\Program Files\Git\cmd;D:\Python\Scripts\;D:\Python\;C:\Users\Devin\AppData\Local\Microsoft\WindowsApps;C:\Program Files\Intel\WiFi\bin\;C:\Program Files\Common Files\Intel\WirelessCommon\;H:\PyCharm Community Edition 2020.3.2\bin;;D:\Microsoft VS Code\bin;C:\Users\Devin\AppData\Roaming\npm
USERNAME=Devin
OS=Windows_NT
PROCESSOR_IDENTIFIER=Intel64 Family 6 Model 158 Stepping 10, GenuineIntel



---------------  S Y S T E M  ---------------

OS: Windows 8.1 , 64 bit Build 9600 

CPU:total 12 (6 cores per cpu, 2 threads per core) family 6 model 158 stepping 10, cmov, cx8, fxsr, mmx, sse, sse2, sse3, ssse3, sse4.1, sse4.2, popcnt, avx, avx2, aes, clmul, erms, lzcnt, ht, tsc, tscinvbit, bmi1, bmi2

Memory: 4k page, physical 16662772k(7312092k free), swap 19153140k(3720168k free)

vm_info: Java HotSpot(TM) 64-Bit Server VM (25.20-b23) for windows-amd64 JRE (1.8.0_20-b26), built on Jul 30 2014 13:51:23 by "java_re" with MS VC++ 10.0 (VS2010)

time: Thu May 06 14:42:40 2021
elapsed time: 1787 seconds (0d 0h 29m 47s)

