#
# A fatal error has been detected by the Java Runtime Environment:
#
#  EXCEPTION_ACCESS_VIOLATION (0xc0000005) at pc=0x0000000055d40220, pid=26212, tid=25796
#
# JRE version: Java(TM) SE Runtime Environment (8.0_20-b26) (build 1.8.0_20-b26)
# Java VM: Java HotSpot(TM) 64-Bit Server VM (25.20-b23 mixed mode windows-amd64 compressed oops)
# Problematic frame:
# V  [jvm.dll+0x50220]
#
# Failed to write core dump. Minidumps are not enabled by default on client versions of Windows
#
# If you would like to submit a bug report, please visit:
#   http://bugreport.sun.com/bugreport/crash.jsp
#

---------------  T H R E A D  ---------------

Current thread (0x0000000003081800):  JavaThread "main" [_thread_in_vm, id=25796, stack(0x0000000002f40000,0x0000000003040000)]

siginfo: ExceptionCode=0xc0000005, writing address 0x000000009dcec2e6

Registers:
RAX=0x0000000055cf0000, RBX=0x0000000000000000, RCX=0x000000000303e208, RDX=0x000000004d65706f
RSP=0x000000000303ddc0, RBP=0x000000000303dec0, RSI=0x000000001fed6790, RDI=0x000000001fed6814
R8 =0x0000000000000000, R9 =0x0000000000000000, R10=0x000000000303e3c0, R11=0x0000000000000000
R12=0x000000000000002b, R13=0x0000000000000000, R14=0x000000000000002b, R15=0x000000001fed681c
RIP=0x0000000055d40220, EFLAGS=0x0000000000010206

Top of Stack: (sp=0x000000000303ddc0)
0x000000000303ddc0:   000000000000006d 000000001fed6790
0x000000000303ddd0:   000000000303de00 000000004edb002b
0x000000000303dde0:   000000000303de44 000000000303de18
0x000000000303ddf0:   000000000303de48 000000000303dec0
0x000000000303de00:   0000000003081800 00000000030af7b0
0x000000000303de10:   0000000003077e80 0000002755d5eb00
0x000000000303de20:   000000001fed5670 00000000000083b0
0x000000000303de30:   000000001fedd658 000000001fed67f0
0x000000000303de40:   0000000000000003 000000000000006d
0x000000000303de50:   0000000000000800 0000000000000003
0x000000000303de60:   0000000000000018 0000000055d30000
0x000000000303de70:   0000000003080100 0000000003030600
0x000000000303de80:   0000000000000006 0000000000002b00
0x000000000303de90:   0000000000004c00 0000000003030006
0x000000000303dea0:   000000001fed681c 000000001fed683e
0x000000000303deb0:   0000000000000024 0000000000000000 

Instructions: (pc=0x0000000055d40220)
0x0000000055d40200:   1b c9 48 98 83 e1 14 48 03 c8 48 8d 05 ef fd fa
0x0000000055d40210:   ff 48 63 94 88 a0 6b 76 00 48 8b 8d 88 00 00 00
0x0000000055d40220:   66 ff 04 51 48 8b cf e8 f4 60 ff ff 85 db 74 46
0x0000000055d40230:   48 63 db f6 c3 40 74 36 41 0f b7 0f 0f b6 c1 24 


Register to memory mapping:

RAX=0x0000000055cf0000 is an unknown value
RBX=0x0000000000000000 is an unknown value
RCX=0x000000000303e208 is pointing into the stack for thread: 0x0000000003081800
RDX=0x000000004d65706f is an unknown value
RSP=0x000000000303ddc0 is pointing into the stack for thread: 0x0000000003081800
RBP=0x000000000303dec0 is pointing into the stack for thread: 0x0000000003081800
RSI=0x000000001fed6790 is an unknown value
RDI=0x000000001fed6814 is an unknown value
R8 =0x0000000000000000 is an unknown value
R9 =0x0000000000000000 is an unknown value
R10=0x000000000303e3c0 is pointing into the stack for thread: 0x0000000003081800
R11=0x0000000000000000 is an unknown value
R12=0x000000000000002b is an unknown value
R13=0x0000000000000000 is an unknown value
R14=0x000000000000002b is an unknown value
R15=0x000000001fed681c is an unknown value


Stack: [0x0000000002f40000,0x0000000003040000],  sp=0x000000000303ddc0,  free space=1015k
Native frames: (J=compiled Java code, j=interpreted, Vv=VM code, C=native code)
V  [jvm.dll+0x50220]
V  [jvm.dll+0x53f09]
V  [jvm.dll+0x56e76]
V  [jvm.dll+0x70ed3]
V  [jvm.dll+0x717b7]
V  [jvm.dll+0x72e86]
V  [jvm.dll+0x72edd]
V  [jvm.dll+0xe7373]
V  [jvm.dll+0xac523]
V  [jvm.dll+0xac6df]
C  0x0000000003382e55

Java frames: (J=compiled Java code, j=interpreted, Vv=VM code)
j  java.util.ServiceLoader.reload()V+8
j  java.util.ServiceLoader.<init>(Ljava/lang/Class;Ljava/lang/ClassLoader;)V+61
j  java.util.ServiceLoader.load(Ljava/lang/Class;Ljava/lang/ClassLoader;)Ljava/util/ServiceLoader;+6
j  javax.management.remote.JMXConnectorFactory.getProviderIterator(Ljava/lang/Class;Ljava/lang/ClassLoader;)Ljava/util/Iterator;+2
j  javax.management.remote.JMXConnectorServerFactory.getConnectorServerAsService(Ljava/lang/ClassLoader;Ljavax/management/remote/JMXServiceURL;Ljava/util/Map;Ljavax/management/MBeanServer;)Ljavax/management/remote/JMXConnectorServer;+3
j  javax.management.remote.JMXConnectorServerFactory.newJMXConnectorServer(Ljavax/management/remote/JMXServiceURL;Ljava/util/Map;Ljavax/management/MBeanServer;)Ljavax/management/remote/JMXConnectorServer;+78
j  sun.management.jmxremote.ConnectorBootstrap.startLocalConnectorServer()Ljavax/management/remote/JMXConnectorServer;+148
j  sun.management.Agent.startLocalManagementAgent()V+13
j  sun.management.Agent.startAgent(Ljava/util/Properties;)V+76
j  sun.management.Agent.startAgent()V+19
v  ~StubRoutines::call_stub

---------------  P R O C E S S  ---------------

Java Threads: ( => current thread )
  0x000000001fdf8800 JavaThread "Service Thread" daemon [_thread_blocked, id=16068, stack(0x00000000208e0000,0x00000000209e0000)]
  0x000000001fde7000 JavaThread "C1 CompilerThread3" daemon [_thread_blocked, id=23584, stack(0x00000000207e0000,0x00000000208e0000)]
  0x000000001fde5000 JavaThread "C2 CompilerThread2" daemon [_thread_blocked, id=264, stack(0x00000000206e0000,0x00000000207e0000)]
  0x000000001fde4800 JavaThread "C2 CompilerThread1" daemon [_thread_blocked, id=21980, stack(0x00000000205e0000,0x00000000206e0000)]
  0x000000001fde3800 JavaThread "C2 CompilerThread0" daemon [_thread_blocked, id=7488, stack(0x00000000204e0000,0x00000000205e0000)]
  0x000000001fdde000 JavaThread "Monitor Ctrl-Break" daemon [_thread_in_native, id=22276, stack(0x00000000203e0000,0x00000000204e0000)]
  0x000000001e6f2000 JavaThread "Attach Listener" daemon [_thread_blocked, id=16124, stack(0x000000001fae0000,0x000000001fbe0000)]
  0x000000001e6f1800 JavaThread "Signal Dispatcher" daemon [_thread_blocked, id=24596, stack(0x000000001f9e0000,0x000000001fae0000)]
  0x000000000317b000 JavaThread "Finalizer" daemon [_thread_blocked, id=412, stack(0x000000001f8e0000,0x000000001f9e0000)]
  0x0000000003179000 JavaThread "Reference Handler" daemon [_thread_blocked, id=6676, stack(0x000000001f7e0000,0x000000001f8e0000)]
=>0x0000000003081800 JavaThread "main" [_thread_in_vm, id=25796, stack(0x0000000002f40000,0x0000000003040000)]

Other Threads:
  0x000000001e662800 VMThread [stack: 0x000000001f6e0000,0x000000001f7e0000] [id=1592]

VM state:not at safepoint (normal execution)

VM Mutex/Monitor currently owned by a thread: None

Heap:
 PSYoungGen      total 76288K, used 10504K [0x000000076b380000, 0x0000000770880000, 0x00000007c0000000)
  eden space 65536K, 16% used [0x000000076b380000,0x000000076bdc2040,0x000000076f380000)
  from space 10752K, 0% used [0x000000076fe00000,0x000000076fe00000,0x0000000770880000)
  to   space 10752K, 0% used [0x000000076f380000,0x000000076f380000,0x000000076fe00000)
 ParOldGen       total 175104K, used 0K [0x00000006c1a00000, 0x00000006cc500000, 0x000000076b380000)
  object space 175104K, 0% used [0x00000006c1a00000,0x00000006c1a00000,0x00000006cc500000)
 Metaspace       used 5230K, capacity 5254K, committed 5504K, reserved 1056768K
  class space    used 613K, capacity 618K, committed 640K, reserved 1048576K

Card table byte_map: [0x0000000012720000,0x0000000012f20000] byte_map_base: 0x000000000f113000

Marking Bits: (ParMarkBitMap*) 0x00000000564cb460
 Begin Bits: [0x0000000013e70000, 0x0000000017e08000)
 End Bits:   [0x0000000017e08000, 0x000000001bda0000)

Polling page: 0x0000000000d50000

CodeCache: size=245760Kb used=1323Kb max_used=1323Kb free=244436Kb
 bounds [0x0000000003360000, 0x00000000035d0000, 0x0000000012360000]
 total_blobs=498 nmethods=205 adapters=207
 compilation: enabled

Compilation events (10 events):
Event: 0.424 Thread 0x000000001fde7000  201       1       java.util.TreeMap::keySet (5 bytes)
Event: 0.424 Thread 0x000000001fde7000 nmethod 201 0x00000000034a9d90 code [0x00000000034a9ee0, 0x00000000034aa090]
Event: 0.424 Thread 0x000000001fde7000  202       1       java.util.TreeMap::rotateRight (96 bytes)
Event: 0.424 Thread 0x000000001fde7000 nmethod 202 0x00000000034aa110 code [0x00000000034aa260, 0x00000000034aa4b0]
Event: 0.424 Thread 0x000000001fde7000  203       1       java.util.BitSet::wordIndex (5 bytes)
Event: 0.424 Thread 0x000000001fde7000 nmethod 203 0x00000000034aa590 code [0x00000000034aa6e0, 0x00000000034aa7d0]
Event: 0.424 Thread 0x000000001fde7000  204       1       java.util.BitSet::checkInvariants (111 bytes)
Event: 0.424 Thread 0x000000001fde7000 nmethod 204 0x00000000034aa810 code [0x00000000034aa960, 0x00000000034aaa70]
Event: 0.424 Thread 0x000000001fde7000  205       1       java.util.Hashtable::addEntry (87 bytes)
Event: 0.425 Thread 0x000000001fde7000 nmethod 205 0x00000000034aaad0 code [0x00000000034aac40, 0x00000000034aaf98]

GC Heap History (0 events):
No events

Deoptimization events (0 events):
No events

Internal exceptions (10 events):
Event: 0.312 Thread 0x0000000003081800 Exception <a 'java/security/PrivilegedActionException'> (0x000000076b81d0c0) thrown at [D:\re\workspace\8-2-build-windows-amd64-cygwin\jdk8u20\1074\hotspot\src\share\vm\prims\jvm.cpp, line 1275]
Event: 0.385 Thread 0x0000000003081800 Exception <a 'java/lang/ArrayIndexOutOfBoundsException'> (0x000000076bc52b98) thrown at [D:\re\workspace\8-2-build-windows-amd64-cygwin\jdk8u20\1074\hotspot\src\share\vm\runtime\sharedRuntime.cpp, line 604]
Event: 0.385 Thread 0x0000000003081800 Exception <a 'java/lang/ArrayIndexOutOfBoundsException'> (0x000000076bc550d8) thrown at [D:\re\workspace\8-2-build-windows-amd64-cygwin\jdk8u20\1074\hotspot\src\share\vm\runtime\sharedRuntime.cpp, line 604]
Event: 0.385 Thread 0x0000000003081800 Exception <a 'java/lang/ArrayIndexOutOfBoundsException'> (0x000000076bc56698) thrown at [D:\re\workspace\8-2-build-windows-amd64-cygwin\jdk8u20\1074\hotspot\src\share\vm\runtime\sharedRuntime.cpp, line 604]
Event: 0.386 Thread 0x0000000003081800 Exception <a 'java/lang/ArrayIndexOutOfBoundsException'> (0x000000076bc5c338) thrown at [D:\re\workspace\8-2-build-windows-amd64-cygwin\jdk8u20\1074\hotspot\src\share\vm\runtime\sharedRuntime.cpp, line 604]
Event: 0.390 Thread 0x0000000003081800 Exception <a 'java/lang/ArrayIndexOutOfBoundsException'> (0x000000076bc89840) thrown at [D:\re\workspace\8-2-build-windows-amd64-cygwin\jdk8u20\1074\hotspot\src\share\vm\runtime\sharedRuntime.cpp, line 604]
Event: 0.390 Thread 0x0000000003081800 Exception <a 'java/lang/ArrayIndexOutOfBoundsException'> (0x000000076bc8ae28) thrown at [D:\re\workspace\8-2-build-windows-amd64-cygwin\jdk8u20\1074\hotspot\src\share\vm\runtime\sharedRuntime.cpp, line 604]
Event: 0.390 Thread 0x0000000003081800 Exception <a 'java/lang/ArrayIndexOutOfBoundsException'> (0x000000076bc8d6f8) thrown at [D:\re\workspace\8-2-build-windows-amd64-cygwin\jdk8u20\1074\hotspot\src\share\vm\runtime\sharedRuntime.cpp, line 604]
Event: 0.412 Thread 0x0000000003081800 Exception <a 'java/lang/ArrayIndexOutOfBoundsException'> (0x000000076bcba208) thrown at [D:\re\workspace\8-2-build-windows-amd64-cygwin\jdk8u20\1074\hotspot\src\share\vm\runtime\sharedRuntime.cpp, line 604]
Event: 0.421 Thread 0x0000000003081800 Exception <a 'java/lang/ArrayIndexOutOfBoundsException'> (0x000000076bcda338) thrown at [D:\re\workspace\8-2-build-windows-amd64-cygwin\jdk8u20\1074\hotspot\src\share\vm\runtime\sharedRuntime.cpp, line 604]

Events (10 events):
Event: 0.425 loading class com/sun/jmx/remote/util/EnvHelp done
Event: 0.425 loading class javax/management/remote/JMXConnectorServerProvider
Event: 0.425 loading class javax/management/remote/JMXConnectorServerProvider done
Event: 0.425 loading class javax/management/remote/JMXConnectorFactory
Event: 0.425 loading class javax/management/remote/JMXConnectorFactory done
Event: 0.425 loading class javax/management/remote/JMXConnectorFactory$1
Event: 0.425 loading class javax/management/remote/JMXConnectorFactory$1 done
Event: 0.425 loading class java/util/ServiceLoader
Event: 0.425 loading class java/util/ServiceLoader done
Event: 0.425 loading class java/util/ServiceLoader$LazyIterator


Dynamic libraries:
0x00007ff774750000 - 0x00007ff774784000 	C:\Program Files\Java\jdk1.8.0_20\bin\java.exe
0x00007ffcb7840000 - 0x00007ffcb7a30000 	C:\WINDOWS\SYSTEM32\ntdll.dll
0x00007ffcb59f0000 - 0x00007ffcb5aa2000 	C:\WINDOWS\System32\KERNEL32.DLL
0x00007ffcb4d50000 - 0x00007ffcb4ff5000 	C:\WINDOWS\System32\KERNELBASE.dll
0x00007ffcb5df0000 - 0x00007ffcb5e93000 	C:\WINDOWS\System32\ADVAPI32.dll
0x00007ffcb6300000 - 0x00007ffcb639e000 	C:\WINDOWS\System32\msvcrt.dll
0x00007ffcb6a20000 - 0x00007ffcb6ab7000 	C:\WINDOWS\System32\sechost.dll
0x00007ffcb61e0000 - 0x00007ffcb62ff000 	C:\WINDOWS\System32\RPCRT4.dll
0x00007ffcb5ab0000 - 0x00007ffcb5c44000 	C:\WINDOWS\System32\USER32.dll
0x00007ffcb47b0000 - 0x00007ffcb47d1000 	C:\WINDOWS\System32\win32u.dll
0x00007ffcb58f0000 - 0x00007ffcb5916000 	C:\WINDOWS\System32\GDI32.dll
0x00007ffcb4a30000 - 0x00007ffcb4bc8000 	C:\WINDOWS\System32\gdi32full.dll
0x00007ffcb5000000 - 0x00007ffcb509e000 	C:\WINDOWS\System32\msvcp_win.dll
0x00007ffcb4bd0000 - 0x00007ffcb4cca000 	C:\WINDOWS\System32\ucrtbase.dll
0x00007ffcb3bd0000 - 0x00007ffcb3e54000 	C:\WINDOWS\WinSxS\amd64_microsoft.windows.common-controls_6595b64144ccf1df_6.0.18362.1441_none_9e7da8f1e45ea808\COMCTL32.dll
0x00007ffcb6530000 - 0x00007ffcb6866000 	C:\WINDOWS\System32\combase.dll
0x00007ffcb47e0000 - 0x00007ffcb4861000 	C:\WINDOWS\System32\bcryptPrimitives.dll
0x00007ffcb6000000 - 0x00007ffcb602e000 	C:\WINDOWS\System32\IMM32.DLL
0x0000000056550000 - 0x0000000056622000 	C:\Program Files\Java\jdk1.8.0_20\jre\bin\msvcr100.dll
0x0000000055cf0000 - 0x0000000056548000 	C:\Program Files\Java\jdk1.8.0_20\jre\bin\server\jvm.dll
0x00007ffcb7380000 - 0x00007ffcb7388000 	C:\WINDOWS\System32\PSAPI.DLL
0x00007ffc9cb90000 - 0x00007ffc9cb99000 	C:\WINDOWS\SYSTEM32\WSOCK32.dll
0x00007ffcafc00000 - 0x00007ffcafc24000 	C:\WINDOWS\SYSTEM32\WINMM.dll
0x00007ffcb63a0000 - 0x00007ffcb640f000 	C:\WINDOWS\System32\WS2_32.dll
0x00007ffcafb80000 - 0x00007ffcafbad000 	C:\WINDOWS\SYSTEM32\winmmbase.dll
0x00007ffcb4d00000 - 0x00007ffcb4d4a000 	C:\WINDOWS\System32\cfgmgr32.dll
0x0000000055ce0000 - 0x0000000055cef000 	C:\Program Files\Java\jdk1.8.0_20\jre\bin\verify.dll
0x0000000055cb0000 - 0x0000000055cd8000 	C:\Program Files\Java\jdk1.8.0_20\jre\bin\java.dll
0x0000000055c80000 - 0x0000000055ca3000 	C:\Program Files\Java\jdk1.8.0_20\jre\bin\instrument.dll
0x0000000055c60000 - 0x0000000055c76000 	C:\Program Files\Java\jdk1.8.0_20\jre\bin\zip.dll
0x00007ffcb6ac0000 - 0x00007ffcb71a8000 	C:\WINDOWS\System32\SHELL32.dll
0x00007ffcb6480000 - 0x00007ffcb6527000 	C:\WINDOWS\System32\shcore.dll
0x00007ffcb50c0000 - 0x00007ffcb583b000 	C:\WINDOWS\System32\windows.storage.dll
0x00007ffcb4700000 - 0x00007ffcb471e000 	C:\WINDOWS\System32\profapi.dll
0x00007ffcb4760000 - 0x00007ffcb47aa000 	C:\WINDOWS\System32\powrprof.dll
0x00007ffcb46f0000 - 0x00007ffcb4700000 	C:\WINDOWS\System32\UMPDC.dll
0x00007ffcb68f0000 - 0x00007ffcb6942000 	C:\WINDOWS\System32\shlwapi.dll
0x00007ffcb4720000 - 0x00007ffcb4731000 	C:\WINDOWS\System32\kernel.appcore.dll
0x00007ffcb50a0000 - 0x00007ffcb50b7000 	C:\WINDOWS\System32\cryptsp.dll
0x00007ffcaeb60000 - 0x00007ffcaeb7a000 	D:\IntelliJ IDEA 2021.1\bin\breakgen64.dll
0x0000000055c40000 - 0x0000000055c5a000 	C:\Program Files\Java\jdk1.8.0_20\jre\bin\net.dll
0x00007ffcb3870000 - 0x00007ffcb38d7000 	C:\WINDOWS\system32\mswsock.dll
0x00007ffcb35f0000 - 0x00007ffcb36bb000 	C:\WINDOWS\SYSTEM32\DNSAPI.dll
0x00007ffcb5de0000 - 0x00007ffcb5de8000 	C:\WINDOWS\System32\NSI.dll
0x00007ffcb35b0000 - 0x00007ffcb35ea000 	C:\WINDOWS\SYSTEM32\IPHLPAPI.DLL
0x00007ffca2600000 - 0x00007ffca260a000 	C:\Windows\System32\rasadhlp.dll
0x00007ffca5b30000 - 0x00007ffca5ba7000 	C:\WINDOWS\System32\fwpuclnt.dll
0x00007ffcb4cd0000 - 0x00007ffcb4cf6000 	C:\WINDOWS\System32\bcrypt.dll
0x0000000055c30000 - 0x0000000055c3d000 	C:\Program Files\Java\jdk1.8.0_20\jre\bin\management.dll
0x0000000055c10000 - 0x0000000055c21000 	C:\Program Files\Java\jdk1.8.0_20\jre\bin\nio.dll
0x00007ffcb41b0000 - 0x00007ffcb43a4000 	C:\WINDOWS\SYSTEM32\dbghelp.dll

VM Arguments:
jvm_args: -XX:TieredStopAtLevel=1 -Xverify:none -Dspring.output.ansi.enabled=always -javaagent:D:\IntelliJ IDEA 2021.1\lib\idea_rt.jar=59449:D:\IntelliJ IDEA 2021.1\bin -Dcom.sun.management.jmxremote -Dspring.jmx.enabled=true -Dspring.liveBeansView.mbeanDomain -Dspring.application.admin.enabled=true -Dfile.encoding=UTF-8 
java_command: com.atguigu.salemansearch.SaleApplication
java_class_path (initial): C:\Program Files\Java\jdk1.8.0_20\jre\lib\charsets.jar;C:\Program Files\Java\jdk1.8.0_20\jre\lib\deploy.jar;C:\Program Files\Java\jdk1.8.0_20\jre\lib\ext\access-bridge-64.jar;C:\Program Files\Java\jdk1.8.0_20\jre\lib\ext\cldrdata.jar;C:\Program Files\Java\jdk1.8.0_20\jre\lib\ext\dnsns.jar;C:\Program Files\Java\jdk1.8.0_20\jre\lib\ext\jaccess.jar;C:\Program Files\Java\jdk1.8.0_20\jre\lib\ext\jfxrt.jar;C:\Program Files\Java\jdk1.8.0_20\jre\lib\ext\localedata.jar;C:\Program Files\Java\jdk1.8.0_20\jre\lib\ext\nashorn.jar;C:\Program Files\Java\jdk1.8.0_20\jre\lib\ext\sunec.jar;C:\Program Files\Java\jdk1.8.0_20\jre\lib\ext\sunjce_provider.jar;C:\Program Files\Java\jdk1.8.0_20\jre\lib\ext\sunmscapi.jar;C:\Program Files\Java\jdk1.8.0_20\jre\lib\ext\sunpkcs11.jar;C:\Program Files\Java\jdk1.8.0_20\jre\lib\ext\zipfs.jar;C:\Program Files\Java\jdk1.8.0_20\jre\lib\javaws.jar;C:\Program Files\Java\jdk1.8.0_20\jre\lib\jce.jar;C:\Program Files\Java\jdk1.8.0_20\jre\lib\jfr.jar;C:\Program Files\Java\jdk1.8.0_20\jre\lib\jfxswt.jar;C:\Program Files\Java\jdk1.8.0_20\jre\lib\jsse.jar;C:\Program Files\Java\jdk1.8.0_20\jre\lib\management-agent.jar;C:\Program Files\Java\jdk1.8.0_20\jre\lib\plugin.jar;C:\Program Files\Java\jdk1.8.0_20\jre\lib\resources.jar;C:\Program Files\Java\jdk1.8.0_20\jre\lib\rt.jar;H:\guli_parent\Saleman\saleman_search\target\classes;C:\Users\Devin\.m2\repository\com\baomidou\mybatis-plus-extension\3.0.5\mybatis-plus-extension-3.0.5.jar;C:\Users\Devin\.m2\repository\com\baomidou\mybatis-plus-core\3.0.5\mybatis-plus-core-3.0.5.jar;C:\Users\Devin\.m2\repository\com\baomidou\mybatis-plus-annotation\3.0.5\mybatis-plus-annotation-3.0.5.jar;C:\Users\Devin\.m2\repository\com\github\jsqlparser\jsqlparser\1.2\jsqlparser-1.2.jar;C:\Users\Devin\.m2\repository\org\mybatis\mybatis-spring\1.3.2\mybatis-spring-1.3.2.jar;C:\Users\Devin\.m2\repository\org\mybatis\mybatis\3.4.6\mybatis-3.4.6.jar;C:\Users\Devin\.m2\repository\com\alibaba\fastjson\1.2.28\fastjs
Launcher Type: SUN_STANDARD

Environment Variables:
JAVA_HOME=C:\Program Files\Java\jdk1.8.0_20
CLASSPATH=.;C:\Program Files\Java\jdk1.8.0_20\lib;C:\Program Files\Java\jdk1.8.0_20\lib\tools.jar
PATH=H:\Python\Scripts\;H:\Python\;C:\Program Files\Microsoft MPI\Bin\;C:\ProgramData\Oracle\Java\javapath;C:\Program Files (x86)\Intel\Intel(R) Management Engine Components\iCLS\;C:\Program Files\Intel\Intel(R) Management Engine Components\iCLS\;C:\windows\system32;C:\windows;C:\windows\System32\Wbem;C:\windows\System32\WindowsPowerShell\v1.0\;C:\windows\System32\OpenSSH\;C:\Program Files (x86)\NVIDIA Corporation\PhysX\Common;C:\WINDOWS\system32;C:\WINDOWS;C:\WINDOWS\System32\Wbem;C:\WINDOWS\System32\WindowsPowerShell\v1.0\;C:\WINDOWS\System32\OpenSSH\;D:\Program Files (x86)\140\Tools\Binn\;D:\program files\140\Tools\Binn\;D:\Program Files (x86)\140\DTS\Binn\;D:\program files\140\DT;C:\Program Files\Intel\WiFi\bin\;C:\Program Files\Common Files\Intel\WirelessCommon\;C:\Program Files\NVIDIA Corporation\NVIDIA NvDLISR;D:\Python\venv\Scripts\;D:\GraphViz-2.38\bin;";C:\Program Files\MySQL\MySQL Server 8.0\bin";"C:\Program Files\Java\jdk1.8.0_20\bin;C:\Program Files\Java\jdk1.8.0_20\jre\bin;C:\WINDOWS\system32;C:\WINDOWS;C:\WINDOWS\System32\Wbem;C:\WINDOWS\System32\WindowsPowerShell\v1.0\;C:\WINDOWS\System32\OpenSSH\";C:\Program Files\apache-maven-3.6.3\bin;E:\lalal\common;D:\node.js\;C:\Program Files\Git\cmd;D:\Python\Scripts\;D:\Python\;C:\Users\Devin\AppData\Local\Microsoft\WindowsApps;C:\Program Files\Intel\WiFi\bin\;C:\Program Files\Common Files\Intel\WirelessCommon\;H:\PyCharm Community Edition 2020.3.2\bin;;D:\Microsoft VS Code\bin;C:\Users\Devin\AppData\Roaming\npm
USERNAME=Devin
OS=Windows_NT
PROCESSOR_IDENTIFIER=Intel64 Family 6 Model 158 Stepping 10, GenuineIntel



---------------  S Y S T E M  ---------------

OS: Windows 8.1 , 64 bit Build 9600 

CPU:total 12 (6 cores per cpu, 2 threads per core) family 6 model 158 stepping 10, cmov, cx8, fxsr, mmx, sse, sse2, sse3, ssse3, sse4.1, sse4.2, popcnt, avx, avx2, aes, clmul, erms, lzcnt, ht, tsc, tscinvbit, bmi1, bmi2

Memory: 4k page, physical 16662772k(6442240k free), swap 19153140k(4312604k free)

vm_info: Java HotSpot(TM) 64-Bit Server VM (25.20-b23) for windows-amd64 JRE (1.8.0_20-b26), built on Jul 30 2014 13:51:23 by "java_re" with MS VC++ 10.0 (VS2010)

time: Fri May 07 20:03:57 2021
elapsed time: 0 seconds (0d 0h 0m 0s)

